time=2024-07-16T17:25:34.036+05:00 level=ERROR msg="bazadan ma'lumot olishda xato: pq: syntax error at or near \"FROM\""
time=2024-07-16T17:26:32.422+05:00 level=ERROR msg="bazadan ma'lumot olishda xato: sql: no rows in result set"
time=2024-07-16T17:27:45.570+05:00 level=ERROR msg="bazadan ma'lumot olishda xato: sql: no rows in result set"
time=2024-07-17T10:08:44.779+05:00 level=INFO msg="get user ishlashni boshladi"
time=2024-07-17T10:08:44.784+05:00 level=INFO msg="get user profile ishlashni tugatdi"
time=2024-07-17T10:16:17.460+05:00 level=INFO msg="Updating user profile ishlashni boshladi"
time=2024-07-17T10:16:17.470+05:00 level=ERROR msg="bazadan ma'lumotni o'zgartirishda xato: pq: got 3 parameters but the statement requires 2"
time=2024-07-17T10:18:15.526+05:00 level=INFO msg="Updating user profile ishlashni boshladi"
time=2024-07-17T10:18:15.527+05:00 level=ERROR msg="bazadan ma'lumotni o'zgartirishda xato: pq: got 3 parameters but the statement requires 2"
time=2024-07-17T10:19:11.708+05:00 level=INFO msg="Updating user profile ishlashni boshladi"
time=2024-07-17T10:19:11.709+05:00 level=ERROR msg="bazadan ma'lumotni o'zgartirishda xato: pq: got 3 parameters but the statement requires 2"
time=2024-07-17T10:19:39.846+05:00 level=INFO msg="Updating user profile ishlashni boshladi"
time=2024-07-17T10:19:39.848+05:00 level=ERROR msg="bazadan ma'lumotni o'zgartirishda xato: pq: got 3 parameters but the statement requires 2"
time=2024-07-17T10:20:08.667+05:00 level=INFO msg="Updating user profile ishlashni boshladi"
time=2024-07-17T10:20:08.668+05:00 level=ERROR msg="bazadan ma'lumotni o'zgartirishda xato: pq: got 3 parameters but the statement requires 2"
time=2024-07-17T10:21:16.686+05:00 level=INFO msg="Updating user profile ishlashni boshladi"
time=2024-07-17T10:21:16.687+05:00 level=ERROR msg="bazadan ma'lumotni o'zgartirishda xato: pq: got 3 parameters but the statement requires 2"
time=2024-07-17T10:25:11.675+05:00 level=INFO msg="Updating user profile ishlashni boshladi"
time=2024-07-17T10:25:11.698+05:00 level=INFO msg="Updating user profile ishlashni tugatdi"
time=2024-07-17T10:58:32.601+05:00 level=INFO msg="get user ishlashni boshladi"
time=2024-07-17T10:58:32.607+05:00 level=INFO msg="get user profile ishlashni tugatdi"
time=2024-07-17T11:02:30.454+05:00 level=INFO msg="Get eco points ishlashni boshladi"
time=2024-07-17T11:02:30.455+05:00 level=INFO msg="Get eco points ishlashni tugatdi"
time=2024-07-17T21:10:22.487+05:00 level=INFO msg="get user ishlashni boshladi"
time=2024-07-17T21:10:22.494+05:00 level=INFO msg="get user profile ishlashni tugatdi"
time=2024-07-17T21:10:50.922+05:00 level=INFO msg="Updating user profile ishlashni boshladi"
time=2024-07-17T21:10:50.932+05:00 level=INFO msg="Updating user profile ishlashni tugatdi"
time=2024-07-17T21:11:38.288+05:00 level=INFO msg="Deleting user ishlashni boshladi"
time=2024-07-17T21:11:38.290+05:00 level=INFO msg="Deleting user ishlashni tugatdi"
time=2024-07-17T21:11:58.772+05:00 level=INFO msg="Get eco points ishlashni boshladi"
time=2024-07-17T21:11:58.775+05:00 level=ERROR msg="bazadan eco pointsni olishda xato: sql: no rows in result set"
time=2024-07-17T21:14:48.926+05:00 level=INFO msg="Get eco points ishlashni boshladi"
time=2024-07-17T21:14:48.935+05:00 level=INFO msg="Get eco points ishlashni tugatdi"
time=2024-07-17T21:15:19.729+05:00 level=INFO msg="Add eco points ishlashni boshladi"
time=2024-07-17T21:15:19.741+05:00 level=INFO msg="Add eco points ishlashni tugatdi"
time=2024-07-17T21:18:04.788+05:00 level=INFO msg="Get eco points history ishlashni boshladi"
time=2024-07-17T21:18:04.792+05:00 level=ERROR msg="bazadan eco pointsni tarihlardan iborat hisori olishda xato: pq: syntax error at or near \"LIMIT\""
time=2024-07-17T21:21:15.308+05:00 level=INFO msg="Get eco points history ishlashni boshladi"
time=2024-07-17T21:21:15.312+05:00 level=ERROR msg="bazadan eco pointsni tarihlardan iborat hisori olishda xato: pq: relation \"eco_points_history\" does not exist"
time=2024-07-17T21:23:50.453+05:00 level=INFO msg="Get eco points history ishlashni boshladi"
time=2024-07-17T21:23:50.461+05:00 level=ERROR msg="bazadan eco pointsni tarihlardan iborat hisori olishda xato: sql: Scan error on column index 2, name \"reason\": converting NULL to string is unsupported"
time=2024-07-17T21:24:54.920+05:00 level=INFO msg="Get eco points history ishlashni boshladi"
time=2024-07-17T21:24:54.935+05:00 level=ERROR msg="bazadan eco pointsni tarihlardan iborat hisori olishda xato: pq: relation \"eco_points_history\" does not exist"
time=2024-07-17T21:25:46.864+05:00 level=INFO msg="Get eco points history ishlashni boshladi"
time=2024-07-17T21:25:46.879+05:00 level=INFO msg="Get eco points history ishlashni tugatdi"
time=2024-07-17T21:54:50.242+05:00 level=INFO msg="Get users ishlashni boshladi"
time=2024-07-17T21:54:50.244+05:00 level=ERROR msg="bazadan ma'lumotlarni olishda xato: pq: syntax error at or near \"LIMIT\""
time=2024-07-17T21:58:52.221+05:00 level=INFO msg="Get users ishlashni boshladi"
time=2024-07-17T21:58:52.243+05:00 level=INFO msg="Get users ishlashni tugatdi"
